[debug] [2026-02-03T12:44:50.819Z] ----------------------------------------------------------------------
[debug] [2026-02-03T12:44:50.824Z] Command:       /Users/ecoh8002/.nvm/versions/node/v23.3.0/bin/node /Users/ecoh8002/.nvm/versions/node/v23.3.0/bin/firebase init hosting --project lyrineye
[debug] [2026-02-03T12:44:50.824Z] CLI Version:   15.5.1
[debug] [2026-02-03T12:44:50.824Z] Platform:      darwin
[debug] [2026-02-03T12:44:50.824Z] Node Version:  v23.3.0
[debug] [2026-02-03T12:44:50.824Z] Time:          Tue Feb 03 2026 09:44:50 GMT-0300 (Chile Summer Time)
[debug] [2026-02-03T12:44:50.824Z] ----------------------------------------------------------------------
[debug] 
[info] 
     ######## #### ########  ######## ########     ###     ######  ########
     ##        ##  ##     ## ##       ##     ##  ##   ##  ##       ##
     ######    ##  ########  ######   ########  #########  ######  ######
     ##        ##  ##    ##  ##       ##     ## ##     ##       ## ##
     ##       #### ##     ## ######## ########  ##     ##  ######  ########

You're about to initialize a Firebase project in this directory:

  /Users/ecoh8002/dev/LyrinEye/mobile

[info] 
=== Project Setup
[info] 
[info] First, let's associate this project directory with a Firebase project.
[info] You can create multiple project aliases by running firebase use --add, 
[info] 
[debug] [2026-02-03T12:44:51.663Z] > command requires scopes: ["email","openid","https://www.googleapis.com/auth/cloudplatformprojects.readonly","https://www.googleapis.com/auth/firebase","https://www.googleapis.com/auth/cloud-platform"]
[debug] [2026-02-03T12:44:51.663Z] > authorizing via signed-in user (cesar.ogalde@gmail.com)
[debug] [2026-02-03T12:44:51.663Z] Checked if tokens are valid: true, expires at: 1770125579266
[debug] [2026-02-03T12:44:51.663Z] Checked if tokens are valid: true, expires at: 1770125579266
[debug] [2026-02-03T12:44:51.664Z] >>> [apiv2][query] GET https://firebase.googleapis.com/v1beta1/projects/lyrineye [none]
[debug] [2026-02-03T12:44:52.016Z] <<< [apiv2][status] GET https://firebase.googleapis.com/v1beta1/projects/lyrineye 200
[debug] [2026-02-03T12:44:52.016Z] <<< [apiv2][body] GET https://firebase.googleapis.com/v1beta1/projects/lyrineye {"projectId":"lyrineye","projectNumber":"510486498416","displayName":"LyrinEye","name":"projects/lyrineye","resources":{"hostingSite":"lyrineye"},"state":"ACTIVE","etag":"1_9933105f-051a-4f6f-bfe6-addeebe6996a"}
[info] i  Using project lyrineye (LyrinEye) . 
[info] 
=== Hosting Setup
[debug] [2026-02-03T12:44:52.034Z] Checked if tokens are valid: true, expires at: 1770125579266
[debug] [2026-02-03T12:44:52.034Z] Checked if tokens are valid: true, expires at: 1770125579266
[debug] [2026-02-03T12:44:52.034Z] >>> [apiv2][query] GET https://firebase.googleapis.com/v1beta1/projects/lyrineye [none]
[debug] [2026-02-03T12:44:52.286Z] <<< [apiv2][status] GET https://firebase.googleapis.com/v1beta1/projects/lyrineye 200
[debug] [2026-02-03T12:44:52.287Z] <<< [apiv2][body] GET https://firebase.googleapis.com/v1beta1/projects/lyrineye {"projectId":"lyrineye","projectNumber":"510486498416","displayName":"LyrinEye","name":"projects/lyrineye","resources":{"hostingSite":"lyrineye"},"state":"ACTIVE","etag":"1_9933105f-051a-4f6f-bfe6-addeebe6996a"}
[info] 
[info] Your public directory is the folder (relative to your project directory) that
[info] will contain Hosting assets to be uploaded with firebase deploy. If you
[info] have a build process for your assets, use your build's output directory.
[info] 
